make all --print-data-base --no-builtin-variables --no-builtin-rules --question
# GNU Make 3.81
# Copyright (C) 2006  Free Software Foundation, Inc.
# This is free software; see the source for copying conditions.
# There is NO warranty; not even for MERCHANTABILITY or FITNESS FOR A
# PARTICULAR PURPOSE.

# This program built for i386-apple-darwin11.3.0

# Make data base, printed on Wed Aug 17 13:37:34 2022

# Variables

# automatic
<D = $(patsubst %/,%,$(dir $<))
# automatic
?F = $(notdir $?)
# automatic
?D = $(patsubst %/,%,$(dir $?))
# environment
BASH_SILENCE_DEPRECATION_WARNING = 1
# automatic
@D = $(patsubst %/,%,$(dir $@))
# automatic
@F = $(notdir $@)
# makefile
CURDIR := /Users/jmbutler/Desktop/GitHub/ApolloSM_example
# makefile (from `Makefile', line 1)
SHELL = bash
# environment
VSCODE_NLS_CONFIG = {"locale":"en-us","availableLanguages":{},"_languagePackSupport":true}
# environment
_ = /usr/bin/make
# makefile (from `Makefile', line 1)
MAKEFILE_LIST :=  Makefile
# makefile (from `Makefile', line 8)
UHAL_VER_MINOR = 7
# environment
__CFBundleIdentifier = com.microsoft.VSCode
# makefile (from `Makefile', line 68)
UHAL_LIBRARY_FLAGS = ${UHAL_LIBRARY_PATH}
# environment
VSCODE_CWD = /
# environment
PATH = /Users/jmbutler/bin:/opt/local/bin:/usr/local/bin:/usr/bin:/bin:/usr/sbin:/sbin:/opt/X11/bin:/Library/Apple/usr/bin:/Users/jmbutler/bin:/opt/local/bin:/Users/jmbutler/Desktop/LQ2/lhapdf/bin:/Users/jmbutler/Library/Python/3.8/bin:/Users/jmbutler/Desktop/LQ2/lhapdf/bin:/Users/jmbutler/Library/Python/3.8/bin
# makefile (from `Makefile', line 52)
UHAL_LIBRARIES = -lcactus_uhal_log -lcactus_uhal_grammars -lcactus_uhal_uhal 		
# environment
LSCOLORS = ExFxCxDxBxEGEDABAGACAD
# makefile (from `Makefile', line 14)
LIBRARY_PATH = -L$(BUTOOL_PATH)/lib 
# environment
ELECTRON_RUN_AS_NODE = 1
# default
.FEATURES := target-specific order-only second-expansion else-if archives jobserver check-symlink
# environment
SSH_AUTH_SOCK = /private/tmp/com.apple.launchd.6xl3o9bfeH/Listeners
# automatic
%F = $(notdir $%)
# environment
DISPLAY = :0
# environment
SQLITE_EXEMPT_PATH_FROM_VNODE_GUARDS = /Users/jmbutler/Library/WebKit/Databases
# environment
HOME = /Users/jmbutler
# environment
PWD = /Users/jmbutler/Desktop/GitHub/ApolloSM_example
# environment
ORIGINAL_XDG_CURRENT_DESKTOP = undefined
# environment
VSCODE_AMD_ENTRYPOINT = vs/workbench/api/node/extensionHostProcess
# environment
COM_GOOGLE_CHROME_FRAMEWORK_SERVICE_PROCESS/USERS/JMBUTLER/LIBRARY/APPLICATION_SUPPORT/GOOGLE/CHROME_SOCKET = /private/tmp/com.apple.launchd.akrLr2UkjH/ServiceProcessSocket
# environment
LD_LIBRARY_PATH = :/Users/jmbutler/Desktop/LQ2/lhapdf/lib:/Users/jmbutler/Desktop/LQ2/lhapdf/lib
# makefile (from `Makefile', line 66)
UHAL_CXX_FLAGHS = ${UHAL_INCLUDE_PATH}
# default
MAKEFILEPATH := /Applications/Xcode.app/Contents/Developer/Makefiles
# environment
VSCODE_CODE_CACHE_PATH = /Users/jmbutler/Library/Application Support/Code/CachedData/6d9b74a70ca9c7733b29f0456fd8195364076dda
# environment
LOGNAME = jmbutler
# environment
APPLICATION_INSIGHTS_NO_DIAGNOSTIC_CHANNEL = 1
# environment
VSCODE_HANDLES_UNCAUGHT_ERRORS = true
# automatic
^D = $(patsubst %/,%,$(dir $^))
# environment
XPC_FLAGS = 0x0
# default
MAKE = $(MAKE_COMMAND)
# default
MAKECMDGOALS := all
# environment
SHLVL = 4
# environment
LOCAL_GIT_DIRECTORY = /Applications/GitHub Desktop.app/Contents/Resources/app/git
# makefile (from `Makefile', line 37)
CXX_FLAGS = -std=c++11 -g -O3 -rdynamic -Wall -MMD -MP -fPIC ${INCLUDE_PATH} -Werror -Wno-literal-suffix -fno-omit-frame-pointer -Wno-ignored-qualifiers -Werror=return-type -Wextra -Wno-long-long -Winit-self -Wno-unused-local-typedefs  -Woverloaded-virtual -DUHAL_VER_MAJOR=${UHAL_VER_MAJOR} -DUHAL_VER_MINOR=${UHAL_VER_MINOR} ${COMPILETIME_ROOT} ${FALLTHROUGH_FLAGS}
# default
MAKE_VERSION := 3.81
# environment
USER = jmbutler
# makefile
.DEFAULT_GOAL := example
# automatic
%D = $(patsubst %/,%,$(dir $%))
# makefile (from `Makefile', line 5)
IPBUS_REG_HELER_PATH = /opt/BUTool/include/IPBusIO
# makefile (from `Makefile', line 4)
CACTUS_ROOT = /opt/cactus
# makefile (from `Makefile', line 62)
UHAL_INCLUDE_PATH = -isystem$(CACTUS_ROOT)/include  -isystem$(UIO_UHAL_PATH)/include
# default
MAKE_COMMAND := /Applications/Xcode.app/Contents/Developer/usr/bin/make
# makefile (from `Makefile', line 63)
UHAL_LIBRARY_PATH = -L$(CACTUS_ROOT)/lib -Wl,-rpath=$(CACTUS_ROOT)/lib  -Wl,-rpath=$(UIO_UHAL_PATH)/lib
# default
.VARIABLES := 
# environment
TMPDIR = /var/folders/29/ygd3mwrx0dd6bhyykt0fmyb80000gp/T/
# automatic
*F = $(notdir $*)
# environment
VSCODE_IPC_HOOK = /Users/jmbutler/Library/Application Support/Code/1.70.1-main.sock
# environment
MallocNanoZone = 0
# environment
PYTHONPATH = :/Users/jmbutler/Desktop/LQ2/lhapdf/lib/python3.9/site-packages:/Users/jmbutler/Desktop/LQ2/lhapdf/lib/python3.9/site-packages
# makefile
MAKEFLAGS = Rrqp
# environment
MFLAGS = -Rrqp
# automatic
*D = $(patsubst %/,%,$(dir $*))
# makefile (from `Makefile', line 3)
BUTOOL_PATH = /opt/BUTool
# environment
XPC_SERVICE_NAME = application.com.microsoft.VSCode.6972272.6972278
# automatic
+D = $(patsubst %/,%,$(dir $+))
# automatic
+F = $(notdir $+)
# makefile (from `Makefile', line 12)
INCLUDE_PATH = -I$(BUTOOL_PATH)/include 
# environment
__CF_USER_TEXT_ENCODING = 0x1F6:0x0:0x0
# environment
COMMAND_MODE = unix2003
# default
MAKEFILES := 
# makefile (from `Makefile', line 43)
LINK_EXE_FLAGS = -Wall -g -O3 -rdynamic ${LIBRARY_PATH} ${LIBRARIES} -lBUTool_Helpers -Wl,-rpath=$(RUNTIME_LDPATH)/lib ${COMPILETIME_ROOT} 
# automatic
<F = $(notdir $<)
# makefile (from `Makefile', line 7)
UHAL_VER_MAJOR = 2
# makefile (from `Makefile', line 10)
CXX = g++
# environment
LC_ALL = C
# makefile (from `Makefile', line 24)
LIBRARIES = -Wl,-rpath=$(BUTOOL_PATH)/lib -lToolException -lBUTool_IPBusIO -lBUTool_IPBusRegHelpers -lBUTool_IPBusStatus -lBUTool_BUTextIO -lboost_regex -lboost_filesystem -lboost_program_options
# automatic
^F = $(notdir $^)
# default
SUFFIXES := 
# default
.INCLUDE_DIRS = /usr/local/include
# environment
MAKELEVEL := 0
# environment
LANG = C
# environment
TERM = xterm-color
# environment
VSCODE_PID = 57253
# variable set hash-table stats:
# Load=83/1024=8%, Rehash=0, Collisions=3/125=2%

# Pattern-specific Variable Values

# No pattern-specific variable values.

# Directories

# . (device 16777233, inode 7060714): 8 files, no impossibilities.

# 8 files, no impossibilities in 1 directories.

# Implicit Rules

%.o: %.cxx
#  commands to execute (from `Makefile', line 82):
	${CXX} ${CXX_FLAGS} ${UHAL_CXX_FLAGHS} -c $< -o $@
	

# 1 implicit rules, 0 (0.0%) terminal.

# Files

example: example.o
#  Implicit rule search has not been done.
#  Modification time never checked.
#  File has not been updated.
#  commands to execute (from `Makefile', line 74):
	${CXX} ${LINK_EXE_FLAGS} ${UHAL_LIBRARY_FLAGS} ${UHAL_LIBRARIES} -lBUTool_ApolloSM -lboost_system -lpugixml -lBUTool_IPBusIO ${LIBRARIES}  -o $@ $^
	

# Not a target:
example.o:
#  Implicit rule search has not been done.
#  Modification time never checked.
#  File has not been updated.

# Not a target:
all:
#  Command-line target.
#  Implicit rule search has been done.
#  File does not exist.
#  File has not been updated.
# variable set hash-table stats:
# Load=0/32=0%, Rehash=0, Collisions=0/0=0%

# Not a target:
.SUFFIXES:
#  Implicit rule search has not been done.
#  Modification time never checked.
#  File has not been updated.

# Not a target:
Makefile:
#  Implicit rule search has been done.
#  Last modified 2022-08-17 13:28:15
#  File has been updated.
#  Successfully updated.
# variable set hash-table stats:
# Load=0/32=0%, Rehash=0, Collisions=0/0=0%

# Not a target:
.DEFAULT:
#  Implicit rule search has not been done.
#  Modification time never checked.
#  File has not been updated.

clean:
#  Implicit rule search has not been done.
#  Modification time never checked.
#  File has not been updated.
#  commands to execute (from `Makefile', line 77):
	rm -f example 
	rm -f example.d
	rm -f example.o
	

# files hash-table stats:
# Load=7/1024=1%, Rehash=0, Collisions=0/20=0%
# VPATH Search Paths

# No `vpath' search paths.

# No general (`VPATH' variable) search path.

# # of strings in strcache: 1
# # of strcache buffers: 1
 
make: *** No rule to make target `all'.  Stop.

# strcache size: total = 4096 / max = 4096 / min = 4096 / avg = 4096
# strcache free: total = 4087 / max = 4087 / min = 4087 / avg = 4087

# Finished Make data base on Wed Aug 17 13:37:34 2022

 
